<?xml version="1.0" encoding="UTF-8"?>
<!-- Generated by org.testng.reporters.JUnitReportReporter -->
<testsuite hostname="LAPTOP-NS3FVHQP" failures="0" tests="1" name="testCases.TC_002_LoginTest" time="0.873" errors="0" timestamp="2023-05-02T16:08:15 IST" skipped="0">
  <testcase classname="testCases.TC_002_LoginTest" name="test_login" time="0.873"/>
  <system-out/>
</testsuite> <!-- testCases.TC_002_LoginTest -->
